[2025-10-04T20:14:13.492Z] INFO: Requesting new access token
[2025-10-04T20:14:13.600Z] ERROR: Failed to get access token
{
  "error": "fetch failed"
}
[2025-10-04T20:14:13.600Z] WARN: No access token available
[2025-10-04T20:14:22.684Z] INFO: Requesting new access token
[2025-10-04T20:14:22.782Z] WARN: No access token available
[2025-10-04T20:14:22.782Z] ERROR: Failed to get access token
{
  "error": "fetch failed"
}
[2025-10-04T20:14:32.383Z] INFO: Requesting new access token
[2025-10-04T20:14:32.456Z] WARN: No access token available
[2025-10-04T20:14:32.456Z] ERROR: Failed to get access token
{
  "error": "fetch failed"
}
[2025-10-04T20:14:40.634Z] INFO: Requesting new access token
[2025-10-04T20:14:40.716Z] ERROR: Failed to get access token
{
  "error": "fetch failed"
}
[2025-10-04T20:14:40.716Z] WARN: No access token available
[2025-10-04T20:16:23.195Z] INFO: Requesting new access token
[2025-10-04T20:16:23.279Z] ERROR: Failed to get access token
{
  "error": "fetch failed"
}
[2025-10-04T20:16:23.280Z] WARN: No access token available
[2025-10-04T20:16:33.054Z] INFO: Requesting new access token
[2025-10-04T20:16:33.181Z] ERROR: Failed to get access token
{
  "error": "fetch failed"
}
[2025-10-04T20:16:33.181Z] WARN: No access token available
[2025-10-04T20:16:43.056Z] INFO: Requesting new access token
[2025-10-04T20:16:43.139Z] ERROR: Failed to get access token
{
  "error": "fetch failed"
}
[2025-10-04T20:16:43.139Z] WARN: No access token available
[2025-10-04T20:16:51.813Z] INFO: Requesting new access token
[2025-10-04T20:16:51.914Z] WARN: No access token available
[2025-10-04T20:16:51.914Z] ERROR: Failed to get access token
{
  "error": "fetch failed"
}
[2025-10-04T20:17:22.917Z] INFO: Requesting new access token
[2025-10-04T20:17:22.992Z] ERROR: Failed to get access token
{
  "error": "fetch failed"
}
[2025-10-04T20:17:33.376Z] INFO: Requesting new access token
[2025-10-04T20:17:33.453Z] ERROR: Failed to get access token
{
  "error": "fetch failed"
}
[2025-10-04T20:17:33.453Z] WARN: No access token available
[2025-10-04T20:18:19.969Z] INFO: Requesting new access token
[2025-10-04T20:18:20.058Z] WARN: No access token available
[2025-10-04T20:18:20.058Z] ERROR: Failed to get access token
{
  "error": "fetch failed"
}
[2025-10-04T20:19:25.697Z] INFO: Requesting new access token
[2025-10-04T20:19:25.699Z] INFO: Making OAuth request with RqUID: 72a5e518-d67f-4e18-a2a5-564b8ad507a1
[2025-10-04T20:19:26.357Z] WARN: No access token available
[2025-10-04T20:19:26.357Z] ERROR: Failed to get access token
{
  "error": "fetch failed"
}
[2025-10-04T20:25:34.629Z] INFO: Requesting new access token
[2025-10-04T20:25:34.631Z] INFO: SSL agent configured for OAuth request
[2025-10-04T20:25:34.631Z] INFO: Making OAuth request with RqUID: dd74959e-4a06-4fed-8fe1-04f60910712c
[2025-10-04T20:25:34.865Z] INFO: OAuth response status: 200
[2025-10-04T20:25:34.866Z] INFO: OAuth response received
{
  "hasToken": true
}
[2025-10-04T20:25:34.866Z] INFO: Access token obtained successfully
[2025-10-04T20:25:34.866Z] INFO: Sending chat request
{
  "messageCount": 1
}
[2025-10-04T20:25:34.866Z] INFO: SSL agent configured for chat request
[2025-10-04T20:25:35.263Z] INFO: Chat response received
{
  "choices": 1,
  "tokens": 18
}
[2025-10-04T20:25:44.921Z] INFO: Sending chat request
{
  "messageCount": 2
}
[2025-10-04T20:25:44.921Z] INFO: SSL agent configured for chat request
[2025-10-04T20:25:45.846Z] INFO: Chat response received
{
  "choices": 1,
  "tokens": 189
}
[2025-10-04T20:25:56.902Z] INFO: Sending chat request
{
  "messageCount": 5
}
[2025-10-04T20:25:56.903Z] INFO: SSL agent configured for chat request
[2025-10-04T20:25:58.232Z] INFO: Chat response received
{
  "choices": 1,
  "tokens": 324
}
[2025-10-04T20:26:09.247Z] INFO: Sending chat request
{
  "messageCount": 7
}
[2025-10-04T20:26:09.247Z] INFO: SSL agent configured for chat request
[2025-10-04T20:26:12.449Z] INFO: Chat response received
{
  "choices": 1,
  "tokens": 843
}
[2025-10-04T20:26:22.179Z] INFO: Sending chat request
{
  "messageCount": 1
}
[2025-10-04T20:26:22.179Z] INFO: SSL agent configured for chat request
[2025-10-04T20:26:22.449Z] INFO: Chat response received
{
  "choices": 1,
  "tokens": 18
}
[2025-10-04T20:26:33.441Z] INFO: SSL agent configured for chat request
[2025-10-04T20:26:33.438Z] INFO: Sending chat request
{
  "messageCount": 2
}
[2025-10-04T20:26:34.057Z] INFO: Chat response received
{
  "choices": 1,
  "tokens": 77
}
[2025-10-04T20:26:43.271Z] INFO: Sending chat request
{
  "messageCount": 1
}
[2025-10-04T20:26:43.271Z] INFO: SSL agent configured for chat request
[2025-10-04T20:26:43.504Z] INFO: Chat response received
{
  "choices": 1,
  "tokens": 18
}
[2025-10-04T20:31:31.711Z] INFO: Requesting new access token
[2025-10-04T20:31:31.712Z] INFO: Making OAuth request with RqUID: d9e39867-3620-4759-8d38-c046cf204d9e
[2025-10-04T20:31:31.712Z] INFO: SSL agent configured for OAuth request
[2025-10-04T20:31:31.918Z] INFO: OAuth response status: 200
[2025-10-04T20:31:31.919Z] INFO: OAuth response received
{
  "hasToken": true
}
[2025-10-04T20:31:31.919Z] INFO: Access token obtained successfully
[2025-10-04T20:31:31.919Z] INFO: Sending chat request
{
  "messageCount": 2
}
[2025-10-04T20:31:31.919Z] INFO: SSL agent configured for chat request
[2025-10-04T20:31:33.170Z] INFO: Chat response received
{
  "choices": 1,
  "tokens": 265
}
[2025-10-04T20:31:40.575Z] INFO: Sending chat request
{
  "messageCount": 2
}
[2025-10-04T20:31:40.575Z] INFO: SSL agent configured for chat request
[2025-10-04T20:31:41.559Z] INFO: Chat response received
{
  "choices": 1,
  "tokens": 243
}
[2025-10-04T20:35:08.895Z] INFO: Requesting new access token
[2025-10-04T20:35:08.895Z] INFO: Making OAuth request with RqUID: 8822963f-f295-4e01-ae6e-ffc6ffff0c12
[2025-10-04T20:35:08.895Z] INFO: SSL agent configured for OAuth request
[2025-10-04T20:35:09.035Z] INFO: OAuth response status: 200
[2025-10-04T20:35:09.036Z] INFO: OAuth response received
{
  "hasToken": true
}
[2025-10-04T20:35:09.036Z] INFO: Access token obtained successfully
[2025-10-04T20:35:09.036Z] INFO: Sending chat request
{
  "messageCount": 2
}
[2025-10-04T20:35:09.036Z] INFO: SSL agent configured for chat request
[2025-10-04T20:35:09.771Z] INFO: Chat response received
{
  "choices": 1,
  "tokens": 225
}
[2025-10-04T20:35:18.650Z] INFO: Sending chat request
{
  "messageCount": 2
}
[2025-10-04T20:35:18.650Z] INFO: SSL agent configured for chat request
[2025-10-04T20:35:19.931Z] INFO: Chat response received
{
  "choices": 1,
  "tokens": 300
}
[2025-10-04T20:35:20.337Z] INFO: Sending chat request
{
  "messageCount": 2
}
[2025-10-04T20:35:20.338Z] INFO: SSL agent configured for chat request
[2025-10-04T20:35:21.103Z] INFO: Chat response received
{
  "choices": 1,
  "tokens": 234
}
[2025-10-04T20:35:59.416Z] INFO: SSL agent configured for chat request
[2025-10-04T20:35:59.416Z] INFO: Sending chat request
{
  "messageCount": 2
}
[2025-10-04T20:36:00.541Z] INFO: Chat response received
{
  "choices": 1,
  "tokens": 239
}
[2025-10-04T20:36:16.022Z] INFO: SSL agent configured for chat request
[2025-10-04T20:36:16.022Z] INFO: Sending chat request
{
  "messageCount": 2
}
[2025-10-04T20:36:17.209Z] INFO: Chat response received
{
  "choices": 1,
  "tokens": 275
}
[2025-10-04T20:36:31.277Z] INFO: Sending chat request
{
  "messageCount": 2
}
[2025-10-04T20:36:31.278Z] INFO: SSL agent configured for chat request
[2025-10-04T20:36:33.001Z] INFO: Chat response received
{
  "choices": 1,
  "tokens": 171
}
[2025-10-04T20:36:54.519Z] INFO: Sending chat request
{
  "messageCount": 2
}
[2025-10-04T20:36:54.519Z] INFO: SSL agent configured for chat request
[2025-10-04T20:36:55.855Z] INFO: Chat response received
{
  "choices": 1,
  "tokens": 308
}
[2025-10-04T20:36:56.262Z] INFO: Sending chat request
{
  "messageCount": 2
}
[2025-10-04T20:36:56.262Z] INFO: SSL agent configured for chat request
[2025-10-04T20:36:57.078Z] INFO: Chat response received
{
  "choices": 1,
  "tokens": 238
}
